# JRE version: Java(TM) SE Runtime Environment (8.0_191-b12) (build 1.8.0_191-b12)
# Java VM: Java HotSpot(TM) Client VM (25.191-b12 mixed mode windows-x86 )
Heap:
 def new generation   total 51840K, used 13168K [0x05000000, 0x08830000, 0x0faa0000)
  eden space 46144K,  28% used [0x05000000, 0x05ccc0d0, 0x07d10000)
  from space 5696K,   1% used [0x082a0000, 0x082b0190, 0x08830000)
  to   space 5696K,   0% used [0x07d10000, 0x07d10000, 0x082a0000)
 tenured generation   total 114988K, used 101376K [0x0faa0000, 0x16aeb000, 0x25000000)
   the space 114988K,  88% used [0x0faa0000, 0x15da0130, 0x15da0200, 0x16aeb000)
 Metaspace       used 24836K, capacity 25368K, committed 25472K, reserved 25984K
GC Heap History (10 events):
Event: 4520.142 GC heap before
{Heap before GC invocations=93 (full 3):
 def new generation   total 51840K, used 48441K [0x05000000, 0x08830000, 0x0faa0000)
  eden space 46144K, 100% used [0x05000000, 0x07d10000, 0x07d10000)
  from space 5696K,  40% used [0x07d10000, 0x07f4e788, 0x082a0000)
  to   space 5696K,   0% used [0x082a0000, 0x082a0000, 0x08830000)
 tenured generation   total 114988K, used 99080K [0x0faa0000, 0x16aeb000, 0x25000000)
   the space 114988K,  86% used [0x0faa0000, 0x15b621a8, 0x15b62200, 0x16aeb000)
 Metaspace       used 24836K, capacity 25368K, committed 25472K, reserved 25984K
Event: 4520.145 GC heap after
Heap after GC invocations=94 (full 3):
 def new generation   total 51840K, used 3K [0x05000000, 0x08830000, 0x0faa0000)
  eden space 46144K,   0% used [0x05000000, 0x05000000, 0x07d10000)
  from space 5696K,   0% used [0x082a0000, 0x082a0e68, 0x08830000)
  to   space 5696K,   0% used [0x07d10000, 0x07d10000, 0x082a0000)
 tenured generation   total 114988K, used 101374K [0x0faa0000, 0x16aeb000, 0x25000000)
   the space 114988K,  88% used [0x0faa0000, 0x15d9f8f0, 0x15d9fa00, 0x16aeb000)
 Metaspace       used 24836K, capacity 25368K, committed 25472K, reserved 25984K
}
Event: 4523.083 GC heap before
{Heap before GC invocations=94 (full 3):
 def new generation   total 51840K, used 46147K [0x05000000, 0x08830000, 0x0faa0000)
  eden space 46144K, 100% used [0x05000000, 0x07d10000, 0x07d10000)
  from space 5696K,   0% used [0x082a0000, 0x082a0e68, 0x08830000)
  to   space 5696K,   0% used [0x07d10000, 0x07d10000, 0x082a0000)
 tenured generation   total 114988K, used 101374K [0x0faa0000, 0x16aeb000, 0x25000000)
   the space 114988K,  88% used [0x0faa0000, 0x15d9f8f0, 0x15d9fa00, 0x16aeb000)
 Metaspace       used 24836K, capacity 25368K, committed 25472K, reserved 25984K
Event: 4523.084 GC heap after
Heap after GC invocations=95 (full 3):
 def new generation   total 51840K, used 1K [0x05000000, 0x08830000, 0x0faa0000)
  eden space 46144K,   0% used [0x05000000, 0x05000000, 0x07d10000)
  from space 5696K,   0% used [0x07d10000, 0x07d10628, 0x082a0000)
  to   space 5696K,   0% used [0x082a0000, 0x082a0000, 0x08830000)
 tenured generation   total 114988K, used 101376K [0x0faa0000, 0x16aeb000, 0x25000000)
   the space 114988K,  88% used [0x0faa0000, 0x15da0130, 0x15da0200, 0x16aeb000)
 Metaspace       used 24836K, capacity 25368K, committed 25472K, reserved 25984K
}
Event: 4525.950 GC heap before
{Heap before GC invocations=95 (full 3):
 def new generation   total 51840K, used 46145K [0x05000000, 0x08830000, 0x0faa0000)
  eden space 46144K, 100% used [0x05000000, 0x07d10000, 0x07d10000)
  from space 5696K,   0% used [0x07d10000, 0x07d10628, 0x082a0000)
  to   space 5696K,   0% used [0x082a0000, 0x082a0000, 0x08830000)
 tenured generation   total 114988K, used 101376K [0x0faa0000, 0x16aeb000, 0x25000000)
   the space 114988K,  88% used [0x0faa0000, 0x15da0130, 0x15da0200, 0x16aeb000)
 Metaspace       used 24836K, capacity 25368K, committed 25472K, reserved 25984K
Event: 4525.952 GC heap after
Heap after GC invocations=96 (full 3):
 def new generation   total 51840K, used 1K [0x05000000, 0x08830000, 0x0faa0000)
  eden space 46144K,   0% used [0x05000000, 0x05000000, 0x07d10000)
  from space 5696K,   0% used [0x082a0000, 0x082a0628, 0x08830000)
  to   space 5696K,   0% used [0x07d10000, 0x07d10000, 0x082a0000)
 tenured generation   total 114988K, used 101376K [0x0faa0000, 0x16aeb000, 0x25000000)
   the space 114988K,  88% used [0x0faa0000, 0x15da0130, 0x15da0200, 0x16aeb000)
 Metaspace       used 24836K, capacity 25368K, committed 25472K, reserved 25984K
}
Event: 4532.354 GC heap before
{Heap before GC invocations=96 (full 3):
 def new generation   total 51840K, used 46145K [0x05000000, 0x08830000, 0x0faa0000)
  eden space 46144K, 100% used [0x05000000, 0x07d10000, 0x07d10000)
  from space 5696K,   0% used [0x082a0000, 0x082a0628, 0x08830000)
  to   space 5696K,   0% used [0x07d10000, 0x07d10000, 0x082a0000)
 tenured generation   total 114988K, used 101376K [0x0faa0000, 0x16aeb000, 0x25000000)
   the space 114988K,  88% used [0x0faa0000, 0x15da0130, 0x15da0200, 0x16aeb000)
 Metaspace       used 24836K, capacity 25368K, committed 25472K, reserved 25984K
Event: 4532.356 GC heap after
Heap after GC invocations=97 (full 3):
 def new generation   total 51840K, used 1K [0x05000000, 0x08830000, 0x0faa0000)
  eden space 46144K,   0% used [0x05000000, 0x05000000, 0x07d10000)
  from space 5696K,   0% used [0x07d10000, 0x07d107f0, 0x082a0000)
  to   space 5696K,   0% used [0x082a0000, 0x082a0000, 0x08830000)
 tenured generation   total 114988K, used 101376K [0x0faa0000, 0x16aeb000, 0x25000000)
   the space 114988K,  88% used [0x0faa0000, 0x15da0130, 0x15da0200, 0x16aeb000)
 Metaspace       used 24836K, capacity 25368K, committed 25472K, reserved 25984K
}
Event: 33776.186 GC heap before
{Heap before GC invocations=97 (full 3):
 def new generation   total 51840K, used 46145K [0x05000000, 0x08830000, 0x0faa0000)
  eden space 46144K, 100% used [0x05000000, 0x07d10000, 0x07d10000)
  from space 5696K,   0% used [0x07d10000, 0x07d107f0, 0x082a0000)
  to   space 5696K,   0% used [0x082a0000, 0x082a0000, 0x08830000)
 tenured generation   total 114988K, used 101376K [0x0faa0000, 0x16aeb000, 0x25000000)
   the space 114988K,  88% used [0x0faa0000, 0x15da0130, 0x15da0200, 0x16aeb000)
 Metaspace       used 24836K, capacity 25368K, committed 25472K, reserved 25984K
Event: 33776.188 GC heap after
Heap after GC invocations=98 (full 3):
 def new generation   total 51840K, used 64K [0x05000000, 0x08830000, 0x0faa0000)
  eden space 46144K,   0% used [0x05000000, 0x05000000, 0x07d10000)
  from space 5696K,   1% used [0x082a0000, 0x082b0190, 0x08830000)
  to   space 5696K,   0% used [0x07d10000, 0x07d10000, 0x082a0000)
 tenured generation   total 114988K, used 101376K [0x0faa0000, 0x16aeb000, 0x25000000)
   the space 114988K,  88% used [0x0faa0000, 0x15da0130, 0x15da0200, 0x16aeb000)
 Metaspace       used 24836K, capacity 25368K, committed 25472K, reserved 25984K
}

